<?xml version="1.0" encoding="UTF-8"?>
<!-- Generated by org.testng.reporters.JUnitXMLReporter -->
<testsuite hostname="SZR_TEST_WIN" name="FirefoxTest" tests="3" failures="0" timestamp="4 Jan 2016 02:28:16 GMT" time="30.307" errors="0">
  <testcase name="testSuccessLogin" time="3.558" classname="testing.testNG.matrix.AudienceAnalysisTest"/>
  <testcase name="audienceAnalysis" time="7.942" classname="testing.testNG.matrix.AudienceAnalysisTest"/>
  <testcase name="audienceAnalysis" time="6.823" classname="testing.testNG.matrix.AudienceAnalysisTest"/>
</testsuite> <!-- FirefoxTest -->
