<?xml version="1.0" encoding="UTF-8"?>
<!-- Generated by org.testng.reporters.JUnitXMLReporter -->
<testsuite hostname="SZR_TEST_WIN" name="IETest" tests="1" failures="0" timestamp="17 Dec 2015 08:07:31 GMT" time="0.716" errors="0">
  <testcase name="@BeforeTest launchapp" time="0.0" classname="testng.Test1">
    <failure type="org.openqa.selenium.WebDriverException" message="The best matching driver provider org.openqa.selenium.ie.InternetExplorerDriver can&amp;apos;t create a new driver instance for Capabilities [{browserName=ie, version=, platform=ANY}]
Build info: version: &amp;apos;2.48.2&amp;apos;, revision: &amp;apos;41bccdd&amp;apos;, time: &amp;apos;2015-10-09 19:59:12&amp;apos;
System info: host: &amp;apos;SZR_TEST_WIN&amp;apos;, ip: &amp;apos;192.168.56.1&amp;apos;, os.name: &amp;apos;Windows 8.1&amp;apos;, os.arch: &amp;apos;amd64&amp;apos;, os.version: &amp;apos;6.3&amp;apos;, java.version: &amp;apos;1.8.0_66&amp;apos;
Driver info: driver.version: unknown
Command duration or timeout: 199 milliseconds
Build info: version: &amp;apos;2.48.2&amp;apos;, revision: &amp;apos;41bccdd10cf2c0560f637404c2d96164b67d9d67&amp;apos;, time: &amp;apos;2015-10-09 13:08:06&amp;apos;
System info: host: &amp;apos;SZR_TEST_WIN&amp;apos;, ip: &amp;apos;192.168.56.1&amp;apos;, os.name: &amp;apos;Windows 8.1&amp;apos;, os.arch: &amp;apos;amd64&amp;apos;, os.version: &amp;apos;6.3&amp;apos;, java.version: &amp;apos;1.8.0_66&amp;apos;
Driver info: org.openqa.selenium.remote.RemoteWebDriver">
      <![CDATA[org.openqa.selenium.WebDriverException: The best matching driver provider org.openqa.selenium.ie.InternetExplorerDriver can't create a new driver instance for Capabilities [{browserName=ie, version=, platform=ANY}]
Build info: version: '2.48.2', revision: '41bccdd', time: '2015-10-09 19:59:12'
System info: host: 'SZR_TEST_WIN', ip: '192.168.56.1', os.name: 'Windows 8.1', os.arch: 'amd64', os.version: '6.3', java.version: '1.8.0_66'
Driver info: driver.version: unknown
Command duration or timeout: 199 milliseconds
Build info: version: '2.48.2', revision: '41bccdd10cf2c0560f637404c2d96164b67d9d67', time: '2015-10-09 13:08:06'
System info: host: 'SZR_TEST_WIN', ip: '192.168.56.1', os.name: 'Windows 8.1', os.arch: 'amd64', os.version: '6.3', java.version: '1.8.0_66'
Driver info: org.openqa.selenium.remote.RemoteWebDriver
	at org.openqa.selenium.remote.ErrorHandler.createThrowable(ErrorHandler.java:206)
	at org.openqa.selenium.remote.ErrorHandler.throwIfResponseFailed(ErrorHandler.java:158)
	at org.openqa.selenium.remote.RemoteWebDriver.execute(RemoteWebDriver.java:647)
	at org.openqa.selenium.remote.RemoteWebDriver.startSession(RemoteWebDriver.java:247)
	at org.openqa.selenium.remote.RemoteWebDriver.<init>(RemoteWebDriver.java:129)
	at org.openqa.selenium.remote.RemoteWebDriver.<init>(RemoteWebDriver.java:156)
	at testng.Test1.launchapp(Test1.java:57)
	at java.util.concurrent.FutureTask.run(Unknown Source)
	at java.util.concurrent.ThreadPoolExecutor.runWorker(Unknown Source)
	at java.util.concurrent.ThreadPoolExecutor$Worker.run(Unknown Source)
	at java.lang.Thread.run(Unknown Source)
Caused by: org.openqa.selenium.WebDriverException: The best matching driver provider org.openqa.selenium.ie.InternetExplorerDriver can't create a new driver instance for Capabilities [{browserName=ie, version=, platform=ANY}]
Build info: version: '2.48.2', revision: '41bccdd', time: '2015-10-09 19:59:12'
System info: host: 'SZR_TEST_WIN', ip: '192.168.56.1', os.name: 'Windows 8.1', os.arch: 'amd64', os.version: '6.3', java.version: '1.8.0_66'
Driver info: driver.version: unknown
Build info: version: '2.48.2', revision: '41bccdd10cf2c0560f637404c2d96164b67d9d67', time: '2015-10-09 13:08:06'
System info: host: 'SZR_TEST_WIN', ip: '192.168.56.1', os.name: 'Windows 8.1', os.arch: 'amd64', os.version: '6.3', java.version: '1.8.0_66'
Driver info: driver.version: unknown
	at org.openqa.selenium.remote.server.DefaultDriverFactory.newInstance(DefaultDriverFactory.java:62)
	at org.openqa.selenium.remote.server.DefaultSession$BrowserCreator.call(DefaultSession.java:222)
	at org.openqa.selenium.remote.server.DefaultSession$BrowserCreator.call(DefaultSession.java:1)
	at java.util.concurrent.FutureTask.run(Unknown Source)
	at org.openqa.selenium.remote.server.DefaultSession$1.run(DefaultSession.java:176)
	... 3 more
... Removed 18 stack frames]]>
    </failure>
  </testcase> <!-- @BeforeTest launchapp -->
  <testcase name="@AfterTest closeBrowser" time="0.0" classname="testng.Test1">
    <skipped/>
  </testcase> <!-- @AfterTest closeBrowser -->
  <testcase name="testAsdf" time="0.001" classname="testng.Test1">
    <skipped/>
  </testcase> <!-- testAsdf -->
</testsuite> <!-- IETest -->
