<?xml version="1.0" encoding="UTF-8"?>
<testng-results skipped="0" failed="0" total="3" passed="3">
  <reporter-output>
  </reporter-output>
  <suite name="Suite" duration-ms="30307" started-at="2016-01-04T02:27:46Z" finished-at="2016-01-04T02:28:16Z">
    <groups>
    </groups>
    <test name="FirefoxTest" duration-ms="30307" started-at="2016-01-04T02:27:46Z" finished-at="2016-01-04T02:28:16Z">
      <class name="testing.testNG.matrix.AudienceAnalysisTest">
        <test-method status="PASS" signature="launchapp(java.lang.String, java.lang.String)[pri:0, instance:testing.testNG.matrix.AudienceAnalysisTest@60f82f98]" name="launchapp" is-config="true" duration-ms="11518" started-at="2016-01-04T11:27:46Z" finished-at="2016-01-04T11:27:57Z">
          <params>
            <param index="0">
              <value>
                <![CDATA[Windows]]>
              </value>
            </param>
            <param index="1">
              <value>
                <![CDATA[firefox]]>
              </value>
            </param>
          </params>
          <reporter-output>
          </reporter-output>
        </test-method> <!-- launchapp -->
        <test-method status="PASS" signature="testSuccessLogin()[pri:0, instance:testing.testNG.matrix.AudienceAnalysisTest@60f82f98]" name="testSuccessLogin" duration-ms="3558" started-at="2016-01-04T11:27:57Z" finished-at="2016-01-04T11:28:01Z">
          <reporter-output>
          </reporter-output>
        </test-method> <!-- testSuccessLogin -->
        <test-method status="PASS" signature="audienceAnalysis(int, int, java.lang.String, java.lang.String, int, java.lang.String, java.lang.String, int)[pri:0, instance:testing.testNG.matrix.AudienceAnalysisTest@60f82f98]" name="audienceAnalysis" duration-ms="7942" started-at="2016-01-04T11:28:01Z" data-provider="testData" depends-on-methods="testing.testNG.matrix.AudienceAnalysisTest.testSuccessLogin" finished-at="2016-01-04T11:28:09Z">
          <params>
            <param index="0">
              <value>
                <![CDATA[2]]>
              </value>
            </param>
            <param index="1">
              <value>
                <![CDATA[2]]>
              </value>
            </param>
            <param index="2">
              <value>
                <![CDATA[to]]>
              </value>
            </param>
            <param index="3">
              <value>
                <![CDATA[from]]>
              </value>
            </param>
            <param index="4">
              <value>
                <![CDATA[0]]>
              </value>
            </param>
            <param index="5">
              <value>
                <![CDATA[Select]]>
              </value>
            </param>
            <param index="6">
              <value>
                <![CDATA[]]>
              </value>
            </param>
            <param index="7">
              <value>
                <![CDATA[1]]>
              </value>
            </param>
          </params>
          <reporter-output>
          </reporter-output>
        </test-method> <!-- audienceAnalysis -->
        <test-method status="PASS" signature="audienceAnalysis(int, int, java.lang.String, java.lang.String, int, java.lang.String, java.lang.String, int)[pri:0, instance:testing.testNG.matrix.AudienceAnalysisTest@60f82f98]" name="audienceAnalysis" duration-ms="6823" started-at="2016-01-04T11:28:09Z" data-provider="testData" depends-on-methods="testing.testNG.matrix.AudienceAnalysisTest.testSuccessLogin" finished-at="2016-01-04T11:28:16Z">
          <params>
            <param index="0">
              <value>
                <![CDATA[2]]>
              </value>
            </param>
            <param index="1">
              <value>
                <![CDATA[2]]>
              </value>
            </param>
            <param index="2">
              <value>
                <![CDATA[to]]>
              </value>
            </param>
            <param index="3">
              <value>
                <![CDATA[from]]>
              </value>
            </param>
            <param index="4">
              <value>
                <![CDATA[0]]>
              </value>
            </param>
            <param index="5">
              <value>
                <![CDATA[User ID]]>
              </value>
            </param>
            <param index="6">
              <value>
                <![CDATA[none]]>
              </value>
            </param>
            <param index="7">
              <value>
                <![CDATA[1]]>
              </value>
            </param>
          </params>
          <reporter-output>
          </reporter-output>
        </test-method> <!-- audienceAnalysis -->
        <test-method status="PASS" signature="tearDown()[pri:0, instance:testing.testNG.matrix.AudienceAnalysisTest@60f82f98]" name="tearDown" is-config="true" duration-ms="444" started-at="2016-01-04T11:28:16Z" finished-at="2016-01-04T11:28:16Z">
          <reporter-output>
          </reporter-output>
        </test-method> <!-- tearDown -->
      </class> <!-- testing.testNG.matrix.AudienceAnalysisTest -->
    </test> <!-- FirefoxTest -->
  </suite> <!-- Suite -->
</testng-results>
